{"C:\\Users\\Artem\\Desktop\\test-ci-1\\src\\index.js": {"path":"C:\\Users\\Artem\\Desktop\\test-ci-1\\src\\index.js","statementMap":{"0":{"start":{"line":2,"column":4},"end":{"line":11,"column":7}},"1":{"start":{"line":3,"column":6},"end":{"line":5,"column":7}},"2":{"start":{"line":4,"column":8},"end":{"line":4,"column":17}},"3":{"start":{"line":6,"column":6},"end":{"line":8,"column":7}},"4":{"start":{"line":7,"column":8},"end":{"line":7,"column":18}},"5":{"start":{"line":10,"column":6},"end":{"line":10,"column":15}},"6":{"start":{"line":12,"column":4},"end":{"line":12,"column":21}}},"fnMap":{"0":{"name":"sortHealth","decl":{"start":{"line":1,"column":24},"end":{"line":1,"column":34}},"loc":{"start":{"line":1,"column":46},"end":{"line":13,"column":3}},"line":1},"1":{"name":"(anonymous_1)","decl":{"start":{"line":2,"column":19},"end":{"line":2,"column":20}},"loc":{"start":{"line":2,"column":29},"end":{"line":11,"column":5}},"line":2}},"branchMap":{"0":{"loc":{"start":{"line":3,"column":6},"end":{"line":5,"column":7}},"type":"if","locations":[{"start":{"line":3,"column":6},"end":{"line":5,"column":7}},{"start":{},"end":{}}],"line":3},"1":{"loc":{"start":{"line":6,"column":6},"end":{"line":8,"column":7}},"type":"if","locations":[{"start":{"line":6,"column":6},"end":{"line":8,"column":7}},{"start":{},"end":{}}],"line":6}},"s":{"0":2,"1":8,"2":1,"3":7,"4":6,"5":1,"6":2},"f":{"0":2,"1":8},"b":{"0":[1,7],"1":[6,1]},"_coverageSchema":"1a1c01bbd47fc00a2c39e90264f33305004495a9","hash":"036da2d860028fdbe20a9d457fa83b8b60a302a2"}
}
